09/06/20, 00:39:19, 4, 0, C:\Users\HP\Documents\Visual Studio 2012\Projects\Aplikasi Administrasi\Aplikasi Administrasi\bin\Debug\Reportgurunip.rpt:A number is required here.
09/06/20, 00:39:25, 4, 0, C:\Users\HP\Documents\Visual Studio 2012\Projects\Aplikasi Administrasi\Aplikasi Administrasi\bin\Debug\Reportgurunip.rpt:A number is required here.
09/06/20, 00:39:42, 4, 0, C:\Users\HP\Documents\Visual Studio 2012\Projects\Aplikasi Administrasi\Aplikasi Administrasi\bin\Debug\Reportgurunip.rpt:A number is required here.
09/06/20, 00:44:01, 4, 0, C:\Users\HP\Documents\Visual Studio 2012\Projects\Aplikasi Administrasi\Aplikasi Administrasi\bin\Debug\Reportgurunip.rpt:A number is required here.
09/06/20, 00:44:20, 4, 0, C:\Users\HP\Documents\Visual Studio 2012\Projects\Aplikasi Administrasi\Aplikasi Administrasi\bin\Debug\Reportgurunip.rpt:A number is required here.
09/06/20, 00:45:09, 4, 0, C:\Users\HP\Documents\Visual Studio 2012\Projects\Aplikasi Administrasi\Aplikasi Administrasi\bin\Debug\Reportgurunip.rpt:A number is required here.
09/06/20, 00:46:54, 4, 0, C:\Users\HP\Documents\Visual Studio 2012\Projects\Aplikasi Administrasi\Aplikasi Administrasi\bin\Debug\Reportgurunip.rpt:The remaining text does not appear to be part of the formula.
09/06/20, 00:48:03, 4, 0, C:\Users\HP\Documents\Visual Studio 2012\Projects\Aplikasi Administrasi\Aplikasi Administrasi\bin\Debug\Reportgurunip.rpt:A number is required here.
09/06/20, 01:00:33, 4, 0, C:\Users\HP\Documents\Visual Studio 2012\Projects\Aplikasi Administrasi\Aplikasi Administrasi\bin\Debug\Reportgurunip.rpt:A number is required here.
09/06/20, 01:01:03, 4, 0, C:\Users\HP\Documents\Visual Studio 2012\Projects\Aplikasi Administrasi\Aplikasi Administrasi\bin\Debug\Reportgurunip.rpt:Error detected by database DLL.
09/06/20, 01:01:26, 4, 0, C:\Users\HP\Documents\Visual Studio 2012\Projects\Aplikasi Administrasi\Aplikasi Administrasi\bin\Debug\Reportgurunip.rpt:Error detected by database DLL.
09/06/20, 01:05:51, 4, 0, C:\Users\HP\Documents\Visual Studio 2012\Projects\Aplikasi Administrasi\Aplikasi Administrasi\bin\Debug\Reportgurunip.rpt:Error detected by database DLL.
09/06/20, 01:06:43, 4, 0, C:\Users\HP\Documents\Visual Studio 2012\Projects\Aplikasi Administrasi\Aplikasi Administrasi\bin\Debug\Reportgurunip.rpt:Error detected by database DLL.
09/06/20, 01:14:19, 4, 0, C:\Users\HP\Documents\Visual Studio 2012\Projects\Aplikasi Administrasi\Aplikasi Administrasi\bin\Debug\Reportgurunip.rpt:A number is required here.
09/06/20, 01:15:41, 4, 0, C:\Users\HP\Documents\Visual Studio 2012\Projects\Aplikasi Administrasi\Aplikasi Administrasi\bin\Debug\rer.rpt:This field name is not known.
09/06/20, 01:16:38, 4, 0, C:\Users\HP\Documents\Visual Studio 2012\Projects\Aplikasi Administrasi\Aplikasi Administrasi\bin\Debug\rer.rpt:A number is required here.
09/06/20, 01:53:51, 4, 0, :File not found.
09/06/20, 01:53:51, 4, 0, :File not found.
09/06/20, 01:54:54, 4, 0, C:\Users\HP\Documents\Visual Studio 2012\Projects\Aplikasi Administrasi\Aplikasi Administrasi\bin\Debug\Report10.rpt:A number is required here.
09/06/20, 01:58:14, 4, 0, C:\Users\HP\Documents\Visual Studio 2012\Projects\Aplikasi Administrasi\Aplikasi Administrasi\bin\Debug\Report10.rpt:A number is required here.
09/06/20, 02:00:40, 4, 0, C:\Users\HP\Documents\Visual Studio 2012\Projects\Aplikasi Administrasi\Aplikasi Administrasi\bin\Debug\Report10.rpt:A number is required here.
09/06/20, 02:06:35, 4, 0, C:\Users\HP\Documents\Visual Studio 2012\Projects\Aplikasi Administrasi\Aplikasi Administrasi\bin\Debug\Report10.rpt:This field name is not known.
09/06/20, 02:07:24, 4, 0, C:\Users\HP\Documents\Visual Studio 2012\Projects\Aplikasi Administrasi\Aplikasi Administrasi\bin\Debug\Report10.rpt:This field name is not known.
09/06/20, 02:08:59, 4, 0, C:\Users\HP\Documents\Visual Studio 2012\Projects\Aplikasi Administrasi\Aplikasi Administrasi\bin\Debug\Report10.rpt:This field name is not known.
09/06/20, 02:09:18, 4, 0, C:\Users\HP\Documents\Visual Studio 2012\Projects\Aplikasi Administrasi\Aplikasi Administrasi\bin\Debug\Report10.rpt:A number is required here.
09/06/20, 02:09:43, 4, 0, C:\Users\HP\Documents\Visual Studio 2012\Projects\Aplikasi Administrasi\Aplikasi Administrasi\bin\Debug\Report10.rpt:This field name is not known.
09/28/20, 23:15:17, 4, 0, C:\Users\HP\Documents\Visual Studio 2012\Projects\Aplikasi Administrasi\Aplikasi Administrasi\bin\Debug\sppharian.rpt:The remaining text does not appear to be part of the formula.
09/28/20, 23:16:08, 4, 0, C:\Users\HP\Documents\Visual Studio 2012\Projects\Aplikasi Administrasi\Aplikasi Administrasi\bin\Debug\sppharian.rpt:A date is required here.
10/02/20, 00:37:16, 4, 0, C:\Users\HP\Documents\Visual Studio 2012\Projects\Aplikasi Administrasi\Aplikasi Administrasi\bin\Debug\reportguru.rpt:This field name is not known.
11/26/20, 15:00:52, 4, 0, D:\KP 3\Aplikasi Administrasi\Aplikasi Administrasi\bin\Debug\Reportdataguru.rpt:Error 0x73B0
